Drill Listing
=============
Drill: .01969  Tool: 1  Feed: 95  Speed: 300
X 218110  Y 162992
X 192913  Y 211023
X 249606  Y 230708
X 257480  Y 222047
X 276377  Y 203937
X 278740  Y 199212
X 262992  Y 147244
X 297637  Y 162204
X 297637  Y 188976
X 290551  Y 199212
X 468503  Y 234645
X 463779  Y 222047
X 456692  Y 214960
X 456692  Y 200787
X 463779  Y 168503
X 468503  Y 161417
X 490551  Y 143307
X 490551  Y 150393
X 486614  Y 179527
X 499212  Y 183464
X 503149  Y 190551
X 499212  Y 237007
X 490551  Y 243307
X 490551  Y 253543
X 570866  Y 194488
X 508661  Y 103149
X 730708  Y 169291
X 730708  Y 222834
X 762204  Y 251968
X 762204  Y 243307
X 769291  Y 239370
X 734645  Y 235433
X 774015  Y 190551
X 769291  Y 184251
X 758267  Y 180314
X 734645  Y 159842
X 762204  Y 144881
X 762204  Y 137007
X 777952  Y 103149
X 1005511  Y 159842
X 1000787  Y 168503
X 1000787  Y 222834
X 1005511  Y 234645
X 1032283  Y 252755
X 1032283  Y 245669
X 1039370  Y 238582
X 1039370  Y 190551
X 1039370  Y 183464
X 1028346  Y 171653
X 1032283  Y 144094
X 1032283  Y 137007
X 1047244  Y 103149
X 1299212  Y 185039
X 1320472  Y 194488
Drill: .03  Tool: 2  Feed: 197  Speed: 550
X 190011  Y 250500
X 161799  Y 254500
X 181799  Y 254500
X 190011  Y 270500
X 223358  Y 215248
X 243358  Y 215248
X 394066  Y 145275
X 361102  Y 247062
X 341102  Y 247062
X 414066  Y 145275
X 665905  Y 142625
X 630314  Y 246456
X 610314  Y 246456
X 685905  Y 142625
X 953807  Y 143413
X 933807  Y 143413
X 880866  Y 245799
X 900866  Y 245799
X 1151287  Y 246374
X 1204409  Y 144799
X 1224409  Y 144799
X 1171287  Y 246374
Drill: .03543  Tool: 3  Feed: 197  Speed: 550
X 109212  Y 115000
X 119212  Y 115000
X 129212  Y 115000
X 109212  Y 125000
X 119212  Y 125000
X 129212  Y 125000
X 126937  Y 195000
X 126937  Y 205000
X 116937  Y 205000
X 126937  Y 215000
X 115724  Y 221838
X 106177  Y 221838
X 115724  Y 261838
X 106177  Y 261838
X 156224  Y 235161
X 156224  Y 225161
X 149212  Y 125000
X 139212  Y 125000
X 159212  Y 125000
X 169212  Y 125000
X 179212  Y 125000
X 139212  Y 115000
X 169212  Y 115000
X 149212  Y 115000
X 179212  Y 115000
X 159212  Y 115000
X 189212  Y 115000
X 199212  Y 115000
X 189212  Y 125000
X 199212  Y 125000
X 196937  Y 145000
X 186937  Y 155000
X 196937  Y 165000
X 196937  Y 179000
X 186937  Y 189000
X 196937  Y 199000
X 198437  Y 225161
X 198437  Y 235161
X 202937  Y 271259
X 212937  Y 271259
X 223500  Y 271259
X 223500  Y 231259
X 211968  Y 200574
X 211968  Y 184685
X 212598  Y 169578
X 212598  Y 155228
X 209212  Y 125000
X 219212  Y 125000
X 229212  Y 125000
X 209212  Y 115000
X 229212  Y 115000
X 219212  Y 115000
X 252598  Y 155228
X 272728  Y 160917
X 252598  Y 169578
X 272728  Y 170917
X 251968  Y 184685
X 251968  Y 200574
X 235218  Y 231259
X 235218  Y 271259
X 300708  Y 235826
X 330708  Y 235826
X 320708  Y 235826
X 310708  Y 235826
X 320708  Y 205826
X 330708  Y 205826
X 300708  Y 205826
X 310708  Y 205826
X 324409  Y 185118
X 324409  Y 155118
X 334409  Y 155118
X 344409  Y 155118
X 354409  Y 155118
X 334409  Y 185118
X 354409  Y 185118
X 344409  Y 185118
X 350708  Y 205826
X 340708  Y 205826
X 340708  Y 235826
X 350708  Y 235826
X 370708  Y 235826
X 360708  Y 235826
X 380708  Y 235826
X 360708  Y 205826
X 370708  Y 205826
X 380708  Y 205826
X 374409  Y 185118
X 364409  Y 185118
X 364409  Y 155118
X 374409  Y 155118
X 384409  Y 155118
X 394409  Y 155118
X 404409  Y 155118
X 384409  Y 185118
X 394409  Y 185118
X 404409  Y 185118
X 390708  Y 205826
X 400708  Y 205826
X 390708  Y 235826
X 400708  Y 235826
X 410708  Y 235826
X 430708  Y 235826
X 420708  Y 235826
X 420708  Y 205826
X 410708  Y 205826
X 430708  Y 205826
X 424409  Y 185118
X 414409  Y 185118
X 414409  Y 155118
X 424409  Y 155118
X 444409  Y 155118
X 454409  Y 155118
X 434409  Y 155118
X 444409  Y 185118
X 434409  Y 185118
X 454409  Y 185118
X 580708  Y 235826
X 570708  Y 235826
X 570708  Y 205826
X 580708  Y 205826
X 594409  Y 155118
X 604409  Y 155118
X 604409  Y 185118
X 594409  Y 185118
X 590708  Y 205826
X 600708  Y 205826
X 600708  Y 235826
X 590708  Y 235826
X 630708  Y 235826
X 620708  Y 235826
X 610708  Y 235826
X 610708  Y 205826
X 620708  Y 205826
X 630708  Y 205826
X 614409  Y 185118
X 624409  Y 185118
X 614409  Y 155118
X 624409  Y 155118
X 634409  Y 155118
X 644409  Y 155118
X 654409  Y 155118
X 654409  Y 185118
X 644409  Y 185118
X 634409  Y 185118
X 650708  Y 205826
X 640708  Y 205826
X 640708  Y 235826
X 650708  Y 235826
X 680708  Y 235826
X 670708  Y 235826
X 660708  Y 235826
X 660708  Y 205826
X 670708  Y 205826
X 680708  Y 205826
X 674409  Y 185118
X 664409  Y 185118
X 664409  Y 155118
X 674409  Y 155118
X 684409  Y 155118
X 694409  Y 155118
X 704409  Y 155118
X 704409  Y 185118
X 694409  Y 185118
X 684409  Y 185118
X 690708  Y 205826
X 700708  Y 205826
X 700708  Y 235826
X 690708  Y 235826
X 724409  Y 185118
X 714409  Y 185118
X 714409  Y 155118
X 724409  Y 155118
X 840708  Y 205826
X 850708  Y 205826
X 850708  Y 235826
X 840708  Y 235826
X 880708  Y 235826
X 870708  Y 235826
X 860708  Y 235826
X 860708  Y 205826
X 870708  Y 205826
X 880708  Y 205826
X 874409  Y 185118
X 864409  Y 185118
X 864409  Y 155118
X 874409  Y 155118
X 904409  Y 155118
X 884409  Y 155118
X 894409  Y 155118
X 904409  Y 185118
X 894409  Y 185118
X 884409  Y 185118
X 890708  Y 205826
X 900708  Y 205826
X 900708  Y 235826
X 890708  Y 235826
X 930708  Y 235826
X 920708  Y 235826
X 910708  Y 235826
X 910708  Y 205826
X 920708  Y 205826
X 930708  Y 205826
X 924409  Y 185118
X 914409  Y 185118
X 924409  Y 155118
X 914409  Y 155118
X 934409  Y 155118
X 944409  Y 155118
X 954409  Y 155118
X 934409  Y 185118
X 954409  Y 185118
X 944409  Y 185118
X 940708  Y 205826
X 950708  Y 205826
X 940708  Y 235826
X 950708  Y 235826
X 970708  Y 235826
X 960708  Y 235826
X 970708  Y 205826
X 960708  Y 205826
X 974409  Y 185118
X 964409  Y 185118
X 964409  Y 155118
X 974409  Y 155118
X 984409  Y 155118
X 994409  Y 155118
X 994409  Y 185118
X 984409  Y 185118
X 1130708  Y 235826
X 1120708  Y 235826
X 1110708  Y 235826
X 1130708  Y 205826
X 1110708  Y 205826
X 1120708  Y 205826
X 1134409  Y 155118
X 1144409  Y 155118
X 1154409  Y 155118
X 1144409  Y 185118
X 1134409  Y 185118
X 1154409  Y 185118
X 1150708  Y 205826
X 1140708  Y 205826
X 1150708  Y 235826
X 1140708  Y 235826
X 1170708  Y 235826
X 1160708  Y 235826
X 1180708  Y 235826
X 1180708  Y 205826
X 1170708  Y 205826
X 1160708  Y 205826
X 1164409  Y 185118
X 1174409  Y 185118
X 1164409  Y 155118
X 1174409  Y 155118
X 1184409  Y 155118
X 1194409  Y 155118
X 1204409  Y 155118
X 1194409  Y 185118
X 1204409  Y 185118
X 1184409  Y 185118
X 1190708  Y 205826
X 1200708  Y 205826
X 1200708  Y 235826
X 1190708  Y 235826
X 1220708  Y 235826
X 1230708  Y 235826
X 1210708  Y 235826
X 1220708  Y 205826
X 1210708  Y 205826
X 1230708  Y 205826
X 1224409  Y 185118
X 1214409  Y 185118
X 1214409  Y 155118
X 1224409  Y 155118
X 1254409  Y 155118
X 1244409  Y 155118
X 1234409  Y 155118
X 1234409  Y 185118
X 1244409  Y 185118
X 1254409  Y 185118
X 1240708  Y 205826
X 1240708  Y 235826
X 1264409  Y 185118
X 1264409  Y 155118
X 153149  Y 170511 X 153149  Y 159488
X 128937  Y 169527 X 128937  Y 160472
Drill: .03937  Tool: 4  Feed: 197  Speed: 550
X 166429  Y 158161
X 166429  Y 208161
X 168937  Y 270000
X 158937  Y 270000
X 148937  Y 270000
X 137598  Y 146496 X 146259  Y 146496
Drill: .05118  Tool: 5  Feed: 107  Speed: 550
X 253700  Y 120000
X 253937  Y 270000
X 267716  Y 270000
X 281496  Y 270000
X 295275  Y 270000
X 281259  Y 120000
X 267480  Y 120000
X 295039  Y 120000
X 322598  Y 120000
X 308818  Y 120000
X 350157  Y 120000
X 336377  Y 120000
X 309055  Y 270000
X 322834  Y 270000
X 336614  Y 270000
X 350393  Y 270000
X 364173  Y 270000
X 388937  Y 270000
X 402716  Y 270000
X 363937  Y 120000
X 402480  Y 120000
X 388700  Y 120000
X 430039  Y 120000
X 416259  Y 120000
X 443818  Y 120000
X 430275  Y 270000
X 444055  Y 270000
X 416496  Y 270000
X 457834  Y 270000
X 471614  Y 270000
X 485393  Y 270000
X 499173  Y 270000
X 471377  Y 120000
X 457598  Y 120000
X 498937  Y 120000
X 485157  Y 120000
X 523700  Y 120000
X 551259  Y 120000
X 537480  Y 120000
X 551496  Y 270000
X 523937  Y 270000
X 537716  Y 270000
X 565275  Y 270000
X 579055  Y 270000
X 592834  Y 270000
X 565039  Y 120000
X 578818  Y 120000
X 592598  Y 120000
X 620157  Y 120000
X 606377  Y 120000
X 633937  Y 120000
X 620393  Y 270000
X 634173  Y 270000
X 606614  Y 270000
X 658937  Y 270000
X 672716  Y 270000
X 686496  Y 270000
X 700275  Y 270000
X 700039  Y 120000
X 686259  Y 120000
X 658700  Y 120000
X 672480  Y 120000
X 713818  Y 120000
X 727598  Y 120000
X 755157  Y 120000
X 741377  Y 120000
X 714055  Y 270000
X 727834  Y 270000
X 741614  Y 270000
X 755393  Y 270000
X 769173  Y 270000
X 793937  Y 270000
X 793700  Y 120000
X 768937  Y 120000
X 807480  Y 120000
X 821259  Y 120000
X 848818  Y 120000
X 835039  Y 120000
X 807716  Y 270000
X 821496  Y 270000
X 835275  Y 270000
X 849055  Y 270000
X 862834  Y 270000
X 876614  Y 270000
X 890393  Y 270000
X 904173  Y 270000
X 890157  Y 120000
X 903937  Y 120000
X 862598  Y 120000
X 876377  Y 120000
X 928700  Y 120000
X 942480  Y 120000
X 928937  Y 270000
X 942716  Y 270000
X 956496  Y 270000
X 970275  Y 270000
X 997834  Y 270000
X 984055  Y 270000
X 997598  Y 120000
X 956259  Y 120000
X 970039  Y 120000
X 983818  Y 120000
X 1011377  Y 120000
X 1025157  Y 120000
X 1038937  Y 120000
X 1025393  Y 270000
X 1039173  Y 270000
X 1011614  Y 270000
X 1063937  Y 270000
X 1077716  Y 270000
X 1091496  Y 270000
X 1105275  Y 270000
X 1105039  Y 120000
X 1091259  Y 120000
X 1063700  Y 120000
X 1077480  Y 120000
X 1118818  Y 120000
X 1132598  Y 120000
X 1146377  Y 120000
X 1132834  Y 270000
X 1146614  Y 270000
X 1119055  Y 270000
X 1174173  Y 270000
X 1160393  Y 270000
X 1198937  Y 270000
X 1173937  Y 120000
X 1160157  Y 120000
X 1198700  Y 120000
X 1226259  Y 120000
X 1212480  Y 120000
X 1253818  Y 120000
X 1240039  Y 120000
X 1254055  Y 270000
X 1240275  Y 270000
X 1212716  Y 270000
X 1226496  Y 270000
X 1267834  Y 270000
X 1281614  Y 270000
X 1295393  Y 270000
X 1281377  Y 120000
X 1267598  Y 120000
X 1295157  Y 120000
X 1308937  Y 120000
X 1309173  Y 270000
Drill: .11811  Tool: 6  Feed: 69  Speed: 658
X 113779  Y 277165
X 474015  Y 147244
X 745669  Y 147244
X 745669  Y 241732
X 1017322  Y 147244
X 1288976  Y 147244
X 1288976  Y 241732
End of Listing
